This is pdfTeX, Version 3.141592653-2.6-1.40.23 (TeX Live 2022/dev) (preloaded format=pdflatex 2021.8.4)  4 AUG 2021 16:11
entering extended mode
 restricted \write18 enabled.
 %&-line parsing enabled.
**supplemental.tex
(./supplemental.tex
LaTeX2e <2021-06-01> patch level 1
L3 programming layer <2021-07-12> (/Users/sweston2/Library/TinyTeX/texmf-dist/t
ex/latex/base/article.cls
Document Class: article 2021/02/12 v1.4n Standard LaTeX document class
(/Users/sweston2/Library/TinyTeX/texmf-dist/tex/latex/base/size10.clo
File: size10.clo 2021/02/12 v1.4n Standard LaTeX file (size option)
)
\c@part=\count182
\c@section=\count183
\c@subsection=\count184
\c@subsubsection=\count185
\c@paragraph=\count186
\c@subparagraph=\count187
\c@figure=\count188
\c@table=\count189
\abovecaptionskip=\skip47
\belowcaptionskip=\skip48
\bibindent=\dimen138
) (/Users/sweston2/Library/TinyTeX/texmf-dist/tex/latex/lm/lmodern.sty
Package: lmodern 2015/05/01 v1.6.1 Latin Modern Fonts
LaTeX Font Info:    Overwriting symbol font `operators' in version `normal'
(Font)                  OT1/cmr/m/n --> OT1/lmr/m/n on input line 22.
LaTeX Font Info:    Overwriting symbol font `letters' in version `normal'
(Font)                  OML/cmm/m/it --> OML/lmm/m/it on input line 23.
LaTeX Font Info:    Overwriting symbol font `symbols' in version `normal'
(Font)                  OMS/cmsy/m/n --> OMS/lmsy/m/n on input line 24.
LaTeX Font Info:    Overwriting symbol font `largesymbols' in version `normal'
(Font)                  OMX/cmex/m/n --> OMX/lmex/m/n on input line 25.
LaTeX Font Info:    Overwriting symbol font `operators' in version `bold'
(Font)                  OT1/cmr/bx/n --> OT1/lmr/bx/n on input line 26.
LaTeX Font Info:    Overwriting symbol font `letters' in version `bold'
(Font)                  OML/cmm/b/it --> OML/lmm/b/it on input line 27.
LaTeX Font Info:    Overwriting symbol font `symbols' in version `bold'
(Font)                  OMS/cmsy/b/n --> OMS/lmsy/b/n on input line 28.
LaTeX Font Info:    Overwriting symbol font `largesymbols' in version `bold'
(Font)                  OMX/cmex/m/n --> OMX/lmex/m/n on input line 29.
LaTeX Font Info:    Overwriting math alphabet `\mathbf' in version `normal'
(Font)                  OT1/cmr/bx/n --> OT1/lmr/bx/n on input line 31.
LaTeX Font Info:    Overwriting math alphabet `\mathsf' in version `normal'
(Font)                  OT1/cmss/m/n --> OT1/lmss/m/n on input line 32.
LaTeX Font Info:    Overwriting math alphabet `\mathit' in version `normal'
(Font)                  OT1/cmr/m/it --> OT1/lmr/m/it on input line 33.
LaTeX Font Info:    Overwriting math alphabet `\mathtt' in version `normal'
(Font)                  OT1/cmtt/m/n --> OT1/lmtt/m/n on input line 34.
LaTeX Font Info:    Overwriting math alphabet `\mathbf' in version `bold'
(Font)                  OT1/cmr/bx/n --> OT1/lmr/bx/n on input line 35.
LaTeX Font Info:    Overwriting math alphabet `\mathsf' in version `bold'
(Font)                  OT1/cmss/bx/n --> OT1/lmss/bx/n on input line 36.
LaTeX Font Info:    Overwriting math alphabet `\mathit' in version `bold'
(Font)                  OT1/cmr/bx/it --> OT1/lmr/bx/it on input line 37.
LaTeX Font Info:    Overwriting math alphabet `\mathtt' in version `bold'
(Font)                  OT1/cmtt/m/n --> OT1/lmtt/m/n on input line 38.
) (/Users/sweston2/Library/TinyTeX/texmf-dist/tex/latex/amsmath/amsmath.sty
Package: amsmath 2021/04/20 v2.17j AMS math features
\@mathmargin=\skip49
For additional information on amsmath, use the `?' option.
(/Users/sweston2/Library/TinyTeX/texmf-dist/tex/latex/amsmath/amstext.sty
Package: amstext 2000/06/29 v2.01 AMS text
(/Users/sweston2/Library/TinyTeX/texmf-dist/tex/latex/amsmath/amsgen.sty
File: amsgen.sty 1999/11/30 v2.0 generic functions
\@emptytoks=\toks16
\ex@=\dimen139
)) (/Users/sweston2/Library/TinyTeX/texmf-dist/tex/latex/amsmath/amsbsy.sty
Package: amsbsy 1999/11/29 v1.2d Bold Symbols
\pmbraise@=\dimen140
) (/Users/sweston2/Library/TinyTeX/texmf-dist/tex/latex/amsmath/amsopn.sty
Package: amsopn 2016/03/08 v2.02 operator names
)
\inf@bad=\count190
LaTeX Info: Redefining \frac on input line 234.
\uproot@=\count191
\leftroot@=\count192
LaTeX Info: Redefining \overline on input line 399.
\classnum@=\count193
\DOTSCASE@=\count194
LaTeX Info: Redefining \ldots on input line 496.
LaTeX Info: Redefining \dots on input line 499.
LaTeX Info: Redefining \cdots on input line 620.
\Mathstrutbox@=\box50
\strutbox@=\box51
\big@size=\dimen141
LaTeX Font Info:    Redeclaring font encoding OML on input line 743.
LaTeX Font Info:    Redeclaring font encoding OMS on input line 744.
\macc@depth=\count195
\c@MaxMatrixCols=\count196
\dotsspace@=\muskip16
\c@parentequation=\count197
\dspbrk@lvl=\count198
\tag@help=\toks17
\row@=\count199
\column@=\count266
\maxfields@=\count267
\andhelp@=\toks18
\eqnshift@=\dimen142
\alignsep@=\dimen143
\tagshift@=\dimen144
\tagwidth@=\dimen145
\totwidth@=\dimen146
\lineht@=\dimen147
\@envbody=\toks19
\multlinegap=\skip50
\multlinetaggap=\skip51
\mathdisplay@stack=\toks20
LaTeX Info: Redefining \[ on input line 2923.
LaTeX Info: Redefining \] on input line 2924.
) (/Users/sweston2/Library/TinyTeX/texmf-dist/tex/generic/iftex/ifxetex.sty
Package: ifxetex 2019/10/25 v0.7 ifxetex legacy package. Use iftex instead.
(/Users/sweston2/Library/TinyTeX/texmf-dist/tex/generic/iftex/iftex.sty
Package: iftex 2020/03/06 v1.0d TeX engine tests
)) (/Users/sweston2/Library/TinyTeX/texmf-dist/tex/generic/iftex/ifluatex.sty
Package: ifluatex 2019/10/25 v1.5 ifluatex legacy package. Use iftex instead.
) (/Users/sweston2/Library/TinyTeX/texmf-dist/tex/latex/base/fontenc.sty
Package: fontenc 2021/04/29 v2.0v Standard LaTeX package
LaTeX Font Info:    Trying to load font information for T1+lmr on input line 11
2.
(/Users/sweston2/Library/TinyTeX/texmf-dist/tex/latex/lm/t1lmr.fd
File: t1lmr.fd 2015/05/01 v1.6.1 Font defs for Latin Modern
)) (/Users/sweston2/Library/TinyTeX/texmf-dist/tex/latex/base/inputenc.sty
Package: inputenc 2021/02/14 v1.3d Input encoding file
\inpenc@prehook=\toks21
\inpenc@posthook=\toks22
) (/Users/sweston2/Library/TinyTeX/texmf-dist/tex/latex/base/textcomp.sty
Package: textcomp 2020/02/02 v2.0n Standard LaTeX package
) (/Users/sweston2/Library/TinyTeX/texmf-dist/tex/latex/amsfonts/amssymb.sty
Package: amssymb 2013/01/14 v3.01 AMS font symbols
(/Users/sweston2/Library/TinyTeX/texmf-dist/tex/latex/amsfonts/amsfonts.sty
Package: amsfonts 2013/01/14 v3.01 Basic AMSFonts support
\symAMSa=\mathgroup4
\symAMSb=\mathgroup5
LaTeX Font Info:    Redeclaring math symbol \hbar on input line 98.
LaTeX Font Info:    Overwriting math alphabet `\mathfrak' in version `bold'
(Font)                  U/euf/m/n --> U/euf/b/n on input line 106.
)) (/Users/sweston2/Library/TinyTeX/texmf-dist/tex/latex/xcolor/xcolor.sty
Package: xcolor 2016/05/11 v2.12 LaTeX color extensions (UK)
(/Users/sweston2/Library/TinyTeX/texmf-dist/tex/latex/graphics-cfg/color.cfg
File: color.cfg 2016/01/02 v1.6 sample color configuration
)
Package xcolor Info: Driver file: pdftex.def on input line 225.
(/Users/sweston2/Library/TinyTeX/texmf-dist/tex/latex/graphics-def/pdftex.def
File: pdftex.def 2020/10/05 v1.2a Graphics/color driver for pdftex
)
Package xcolor Info: Model `cmy' substituted by `cmy0' on input line 1348.
Package xcolor Info: Model `hsb' substituted by `rgb' on input line 1352.
Package xcolor Info: Model `RGB' extended on input line 1364.
Package xcolor Info: Model `HTML' substituted by `rgb' on input line 1366.
Package xcolor Info: Model `Hsb' substituted by `hsb' on input line 1367.
Package xcolor Info: Model `tHsb' substituted by `hsb' on input line 1368.
Package xcolor Info: Model `HSB' substituted by `hsb' on input line 1369.
Package xcolor Info: Model `Gray' substituted by `gray' on input line 1370.
Package xcolor Info: Model `wave' substituted by `hsb' on input line 1371.
) (/Users/sweston2/Library/TinyTeX/texmf-dist/tex/latex/hyperref/hyperref.sty
Package: hyperref 2021-06-07 v7.00m Hypertext links for LaTeX
(/Users/sweston2/Library/TinyTeX/texmf-dist/tex/generic/ltxcmds/ltxcmds.sty
Package: ltxcmds 2020-05-10 v1.25 LaTeX kernel commands for general use (HO)
)
(/Users/sweston2/Library/TinyTeX/texmf-dist/tex/generic/pdftexcmds/pdftexcmds.s
ty
Package: pdftexcmds 2020-06-27 v0.33 Utility functions of pdfTeX for LuaTeX (HO
)

(/Users/sweston2/Library/TinyTeX/texmf-dist/tex/generic/infwarerr/infwarerr.sty
Package: infwarerr 2019/12/03 v1.5 Providing info/warning/error messages (HO)
)
Package pdftexcmds Info: \pdf@primitive is available.
Package pdftexcmds Info: \pdf@ifprimitive is available.
Package pdftexcmds Info: \pdfdraftmode found.
) (/Users/sweston2/Library/TinyTeX/texmf-dist/tex/latex/graphics/keyval.sty
Package: keyval 2014/10/28 v1.15 key=value parser (DPC)
\KV@toks@=\toks23
)
(/Users/sweston2/Library/TinyTeX/texmf-dist/tex/generic/kvsetkeys/kvsetkeys.sty
Package: kvsetkeys 2019/12/15 v1.18 Key value parser (HO)
)
(/Users/sweston2/Library/TinyTeX/texmf-dist/tex/generic/kvdefinekeys/kvdefineke
ys.sty
Package: kvdefinekeys 2019-12-19 v1.6 Define keys (HO)
)
(/Users/sweston2/Library/TinyTeX/texmf-dist/tex/generic/pdfescape/pdfescape.sty
Package: pdfescape 2019/12/09 v1.15 Implements pdfTeX's escape features (HO)
) (/Users/sweston2/Library/TinyTeX/texmf-dist/tex/latex/hycolor/hycolor.sty
Package: hycolor 2020-01-27 v1.10 Color options for hyperref/bookmark (HO)
)
(/Users/sweston2/Library/TinyTeX/texmf-dist/tex/latex/letltxmacro/letltxmacro.s
ty
Package: letltxmacro 2019/12/03 v1.6 Let assignment for LaTeX macros (HO)
) (/Users/sweston2/Library/TinyTeX/texmf-dist/tex/latex/auxhook/auxhook.sty
Package: auxhook 2019-12-17 v1.6 Hooks for auxiliary files (HO)
) (/Users/sweston2/Library/TinyTeX/texmf-dist/tex/latex/kvoptions/kvoptions.sty
Package: kvoptions 2020-10-07 v3.14 Key value format for package options (HO)
)
\@linkdim=\dimen148
\Hy@linkcounter=\count268
\Hy@pagecounter=\count269
(/Users/sweston2/Library/TinyTeX/texmf-dist/tex/latex/hyperref/pd1enc.def
File: pd1enc.def 2021-06-07 v7.00m Hyperref: PDFDocEncoding definition (HO)
Now handling font encoding PD1 ...
... no UTF-8 mapping file for font encoding PD1
)
(/Users/sweston2/Library/TinyTeX/texmf-dist/tex/latex/hyperref/hyperref-langpat
ches.def
File: hyperref-langpatches.def 2021-06-07 v7.00m Hyperref: patches for babel la
nguages
) (/Users/sweston2/Library/TinyTeX/texmf-dist/tex/generic/intcalc/intcalc.sty
Package: intcalc 2019/12/15 v1.3 Expandable calculations with integers (HO)
) (/Users/sweston2/Library/TinyTeX/texmf-dist/tex/generic/etexcmds/etexcmds.sty
Package: etexcmds 2019/12/15 v1.7 Avoid name clashes with e-TeX commands (HO)
)
\Hy@SavedSpaceFactor=\count270
(/Users/sweston2/Library/TinyTeX/texmf-dist/tex/latex/hyperref/puenc.def
File: puenc.def 2021-06-07 v7.00m Hyperref: PDF Unicode definition (HO)
Now handling font encoding PU ...
... no UTF-8 mapping file for font encoding PU
)
Package hyperref Info: Option `unicode' set `true' on input line 4073.
Package hyperref Info: Hyper figures OFF on input line 4192.
Package hyperref Info: Link nesting OFF on input line 4197.
Package hyperref Info: Hyper index ON on input line 4200.
Package hyperref Info: Plain pages OFF on input line 4207.
Package hyperref Info: Backreferencing OFF on input line 4212.
Package hyperref Info: Implicit mode ON; LaTeX internals redefined.
Package hyperref Info: Bookmarks ON on input line 4445.
\c@Hy@tempcnt=\count271
(/Users/sweston2/Library/TinyTeX/texmf-dist/tex/latex/url/url.sty
\Urlmuskip=\muskip17
Package: url 2013/09/16  ver 3.4  Verb mode for urls, etc.
)
LaTeX Info: Redefining \url on input line 4804.
\XeTeXLinkMargin=\dimen149
(/Users/sweston2/Library/TinyTeX/texmf-dist/tex/generic/bitset/bitset.sty
Package: bitset 2019/12/09 v1.3 Handle bit-vector datatype (HO)

(/Users/sweston2/Library/TinyTeX/texmf-dist/tex/generic/bigintcalc/bigintcalc.s
ty
Package: bigintcalc 2019/12/15 v1.5 Expandable calculations on big integers (HO
)
))
\Fld@menulength=\count272
\Field@Width=\dimen150
\Fld@charsize=\dimen151
Package hyperref Info: Hyper figures OFF on input line 6076.
Package hyperref Info: Link nesting OFF on input line 6081.
Package hyperref Info: Hyper index ON on input line 6084.
Package hyperref Info: backreferencing OFF on input line 6091.
Package hyperref Info: Link coloring OFF on input line 6096.
Package hyperref Info: Link coloring with OCG OFF on input line 6101.
Package hyperref Info: PDF/A mode OFF on input line 6106.
LaTeX Info: Redefining \ref on input line 6146.
LaTeX Info: Redefining \pageref on input line 6150.
(/Users/sweston2/Library/TinyTeX/texmf-dist/tex/latex/base/atbegshi-ltx.sty
Package: atbegshi-ltx 2021/01/10 v1.0c Emulation of the original atbegshi
package with kernel methods
)
\Hy@abspage=\count273
\c@Item=\count274
\c@Hfootnote=\count275
)
Package hyperref Info: Driver (autodetected): hpdftex.
(/Users/sweston2/Library/TinyTeX/texmf-dist/tex/latex/hyperref/hpdftex.def
File: hpdftex.def 2021-06-07 v7.00m Hyperref driver for pdfTeX
(/Users/sweston2/Library/TinyTeX/texmf-dist/tex/latex/base/atveryend-ltx.sty
Package: atveryend-ltx 2020/08/19 v1.0a Emulation of the original atvery packag
e
with kernel methods
)
\Fld@listcount=\count276
\c@bookmark@seq@number=\count277

(/Users/sweston2/Library/TinyTeX/texmf-dist/tex/latex/rerunfilecheck/rerunfilec
heck.sty
Package: rerunfilecheck 2019/12/05 v1.9 Rerun checks for auxiliary files (HO)

(/Users/sweston2/Library/TinyTeX/texmf-dist/tex/generic/uniquecounter/uniquecou
nter.sty
Package: uniquecounter 2019/12/15 v1.4 Provide unlimited unique counter (HO)
)
Package uniquecounter Info: New unique counter `rerunfilecheck' on input line 2
86.
)
\Hy@SectionHShift=\skip52
) (/Users/sweston2/Library/TinyTeX/texmf-dist/tex/latex/geometry/geometry.sty
Package: geometry 2020/01/02 v5.9 Page Geometry
(/Users/sweston2/Library/TinyTeX/texmf-dist/tex/generic/iftex/ifvtex.sty
Package: ifvtex 2019/10/25 v1.7 ifvtex legacy package. Use iftex instead.
)
\Gm@cnth=\count278
\Gm@cntv=\count279
\c@Gm@tempcnt=\count280
\Gm@bindingoffset=\dimen152
\Gm@wd@mp=\dimen153
\Gm@odd@mp=\dimen154
\Gm@even@mp=\dimen155
\Gm@layoutwidth=\dimen156
\Gm@layoutheight=\dimen157
\Gm@layouthoffset=\dimen158
\Gm@layoutvoffset=\dimen159
\Gm@dimlist=\toks24
) (/Users/sweston2/Library/TinyTeX/texmf-dist/tex/latex/fancyvrb/fancyvrb.sty
Package: fancyvrb 2021/01/20 v3.7 verbatim text (tvz,hv)
\FV@CodeLineNo=\count281
\FV@InFile=\read2
\FV@TabBox=\box52
\c@FancyVerbLine=\count282
\FV@StepNumber=\count283
\FV@OutFile=\write3
) (/Users/sweston2/Library/TinyTeX/texmf-dist/tex/latex/framed/framed.sty
Package: framed 2011/10/22 v 0.96: framed or shaded text with page breaks
\OuterFrameSep=\skip53
\fb@frw=\dimen160
\fb@frh=\dimen161
\FrameRule=\dimen162
\FrameSep=\dimen163
) (/Users/sweston2/Library/TinyTeX/texmf-dist/tex/latex/graphics/graphicx.sty
Package: graphicx 2020/12/05 v1.2c Enhanced LaTeX Graphics (DPC,SPQR)
(/Users/sweston2/Library/TinyTeX/texmf-dist/tex/latex/graphics/graphics.sty
Package: graphics 2021/03/04 v1.4d Standard LaTeX Graphics (DPC,SPQR)
(/Users/sweston2/Library/TinyTeX/texmf-dist/tex/latex/graphics/trig.sty
Package: trig 2016/01/03 v1.10 sin cos tan (DPC)
)
(/Users/sweston2/Library/TinyTeX/texmf-dist/tex/latex/graphics-cfg/graphics.cfg
File: graphics.cfg 2016/06/04 v1.11 sample graphics configuration
)
Package graphics Info: Driver file: pdftex.def on input line 107.
)
\Gin@req@height=\dimen164
\Gin@req@width=\dimen165
) (/Users/sweston2/Library/TinyTeX/texmf-dist/tex/latex/booktabs/booktabs.sty
Package: booktabs 2020/01/12 v1.61803398 Publication quality tables
\heavyrulewidth=\dimen166
\lightrulewidth=\dimen167
\cmidrulewidth=\dimen168
\belowrulesep=\dimen169
\belowbottomsep=\dimen170
\aboverulesep=\dimen171
\abovetopsep=\dimen172
\cmidrulesep=\dimen173
\cmidrulekern=\dimen174
\defaultaddspace=\dimen175
\@cmidla=\count284
\@cmidlb=\count285
\@aboverulesep=\dimen176
\@belowrulesep=\dimen177
\@thisruleclass=\count286
\@lastruleclass=\count287
\@thisrulewidth=\dimen178
) (/Users/sweston2/Library/TinyTeX/texmf-dist/tex/latex/tools/longtable.sty
Package: longtable 2021-05-07 v4.16 Multi-page Table package (DPC)
\LTleft=\skip54
\LTright=\skip55
\LTpre=\skip56
\LTpost=\skip57
\LTchunksize=\count288
\LTcapwidth=\dimen179
\LT@head=\box53
\LT@firsthead=\box54
\LT@foot=\box55
\LT@lastfoot=\box56
\LT@gbox=\box57
\LT@cols=\count289
\LT@rows=\count290
\c@LT@tables=\count291
\c@LT@chunks=\count292
\LT@p@ftn=\toks25
) (/Users/sweston2/Library/TinyTeX/texmf-dist/tex/latex/tools/array.sty
Package: array 2021/04/20 v2.5e Tabular extension package (FMi)
\col@sep=\dimen180
\ar@mcellbox=\box58
\extrarowheight=\dimen181
\NC@list=\toks26
\extratabsurround=\skip58
\backup@length=\skip59
\ar@cellbox=\box59
) (/Users/sweston2/Library/TinyTeX/texmf-dist/tex/latex/multirow/multirow.sty
Package: multirow 2021/03/15 v2.8 Span multiple rows of a table
\multirow@colwidth=\skip60
\multirow@cntb=\count293
\multirow@dima=\skip61
\bigstrutjot=\dimen182
) (/Users/sweston2/Library/TinyTeX/texmf-dist/tex/latex/wrapfig/wrapfig.sty
\wrapoverhang=\dimen183
\WF@size=\dimen184
\c@WF@wrappedlines=\count294
\WF@box=\box60
\WF@everypar=\toks27
Package: wrapfig 2003/01/31  v 3.6
) (/Users/sweston2/Library/TinyTeX/texmf-dist/tex/latex/float/float.sty
Package: float 2001/11/08 v1.3d Float enhancements (AL)
\c@float@type=\count295
\float@exts=\toks28
\float@box=\box61
\@float@everytoks=\toks29
\@floatcapt=\box62
) (/Users/sweston2/Library/TinyTeX/texmf-dist/tex/latex/colortbl/colortbl.sty
Package: colortbl 2020/01/04 v1.0e Color table columns (DPC)
\everycr=\toks30
\minrowclearance=\skip62
) (/Users/sweston2/Library/TinyTeX/texmf-dist/tex/latex/pdflscape/pdflscape.sty
Package: pdflscape 2019/12/05 v0.12 Display of landscape pages in PDF (HO)
(/Users/sweston2/Library/TinyTeX/texmf-dist/tex/latex/graphics/lscape.sty
Package: lscape 2020/05/28 v3.02 Landscape Pages (DPC)
)
Package pdflscape Info: Auto-detected driver: pdftex on input line 81.
) (/Users/sweston2/Library/TinyTeX/texmf-dist/tex/latex/tabu/tabu.sty
Package: tabu 2019/01/11 v2.9 - flexible LaTeX tabulars (FC+tabu-fixed)
(/Users/sweston2/Library/TinyTeX/texmf-dist/tex/latex/varwidth/varwidth.sty
Package: varwidth 2009/03/30 ver 0.92;  Variable-width minipages
\@vwid@box=\box63
\sift@deathcycles=\count296
\@vwid@loff=\dimen185
\@vwid@roff=\dimen186
)
\c@taburow=\count297
\tabu@nbcols=\count298
\tabu@cnt=\count299
\tabu@Xcol=\count300
\tabu@alloc=\count301
\tabu@nested=\count302
\tabu@target=\dimen187
\tabu@spreadtarget=\dimen188
\tabu@naturalX=\dimen189
\tabucolX=\dimen190
\tabu@Xsum=\dimen191
\extrarowdepth=\dimen192
\abovetabulinesep=\dimen193
\belowtabulinesep=\dimen194
\tabustrutrule=\dimen195
\tabu@thebody=\toks31
\tabu@footnotes=\toks32
\tabu@box=\box64
\tabu@arstrutbox=\box65
\tabu@hleads=\box66
\tabu@vleads=\box67
\tabu@cellskip=\skip63
)
(/Users/sweston2/Library/TinyTeX/texmf-dist/tex/latex/threeparttable/threepartt
able.sty
Package: threeparttable 2003/06/13  v 3.0
\@tempboxb=\box68
)
(/Users/sweston2/Library/TinyTeX/texmf-dist/tex/latex/threeparttablex/threepart
tablex.sty
Package: threeparttablex 2013/07/23 v0.3 by daleif
(/Users/sweston2/Library/TinyTeX/texmf-dist/tex/latex/environ/environ.sty
Package: environ 2014/05/04 v0.3 A new way to define environments

(/Users/sweston2/Library/TinyTeX/texmf-dist/tex/latex/trimspaces/trimspaces.sty
Package: trimspaces 2009/09/17 v1.1 Trim spaces around a token list
))
\TPTL@width=\skip64
) (/Users/sweston2/Library/TinyTeX/texmf-dist/tex/generic/ulem/ulem.sty
\UL@box=\box69
\UL@hyphenbox=\box70
\UL@skip=\skip65
\UL@hook=\toks33
\UL@height=\dimen196
\UL@pe=\count303
\UL@pixel=\dimen197
\ULC@box=\box71
Package: ulem 2019/11/18
\ULdepth=\dimen198
) (/Users/sweston2/Library/TinyTeX/texmf-dist/tex/latex/makecell/makecell.sty
Package: makecell 2009/08/03 V0.1e Managing of Tab Column Heads and Cells
\rotheadsize=\dimen199
\c@nlinenum=\count304
\TeXr@lab=\toks34
)
(/Users/sweston2/Library/TinyTeX/texmf-dist/tex/latex/l3backend/l3backend-pdfte
x.def
File: l3backend-pdftex.def 2021-07-12 L3 backend support: PDF output (pdfTeX)
\l__color_backend_stack_int=\count305
\l__pdf_internal_box=\box72
) (./supplemental.aux)
\openout1 = `supplemental.aux'.

LaTeX Font Info:    Checking defaults for OML/cmm/m/it on input line 124.
LaTeX Font Info:    ... okay on input line 124.
LaTeX Font Info:    Checking defaults for OMS/cmsy/m/n on input line 124.
LaTeX Font Info:    ... okay on input line 124.
LaTeX Font Info:    Checking defaults for OT1/cmr/m/n on input line 124.
LaTeX Font Info:    ... okay on input line 124.
LaTeX Font Info:    Checking defaults for T1/cmr/m/n on input line 124.
LaTeX Font Info:    ... okay on input line 124.
LaTeX Font Info:    Checking defaults for TS1/cmr/m/n on input line 124.
LaTeX Font Info:    ... okay on input line 124.
LaTeX Font Info:    Checking defaults for OMX/cmex/m/n on input line 124.
LaTeX Font Info:    ... okay on input line 124.
LaTeX Font Info:    Checking defaults for U/cmr/m/n on input line 124.
LaTeX Font Info:    ... okay on input line 124.
LaTeX Font Info:    Checking defaults for PD1/pdf/m/n on input line 124.
LaTeX Font Info:    ... okay on input line 124.
LaTeX Font Info:    Checking defaults for PU/pdf/m/n on input line 124.
LaTeX Font Info:    ... okay on input line 124.

(/Users/sweston2/Library/TinyTeX/texmf-dist/tex/latex/epstopdf-pkg/epstopdf-bas
e.sty
Package: epstopdf-base 2020-01-24 v2.11 Base part for package epstopdf
Package epstopdf-base Info: Redefining graphics rule for `.eps' on input line 4
85.

(/Users/sweston2/Library/TinyTeX/texmf-dist/tex/latex/latexconfig/epstopdf-sys.
cfg
File: epstopdf-sys.cfg 2010/07/13 v1.3 Configuration of (r)epstopdf for TeX Liv
e
))
Package hyperref Info: Link coloring OFF on input line 124.
(/Users/sweston2/Library/TinyTeX/texmf-dist/tex/latex/hyperref/nameref.sty
Package: nameref 2021-04-02 v2.47 Cross-referencing by name of section
(/Users/sweston2/Library/TinyTeX/texmf-dist/tex/latex/refcount/refcount.sty
Package: refcount 2019/12/15 v3.6 Data extraction from label references (HO)
)
(/Users/sweston2/Library/TinyTeX/texmf-dist/tex/generic/gettitlestring/gettitle
string.sty
Package: gettitlestring 2019/12/15 v1.6 Cleanup title references (HO)
)
\c@section@level=\count306
)
LaTeX Info: Redefining \ref on input line 124.
LaTeX Info: Redefining \pageref on input line 124.
LaTeX Info: Redefining \nameref on input line 124.
(./supplemental.out) (./supplemental.out)
\@outlinefile=\write4
\openout4 = `supplemental.out'.

*geometry* driver: auto-detecting
*geometry* detected driver: pdftex
*geometry* verbose mode - [ preamble ] result:
* driver: pdftex
* paper: <default>
* layout: <same size as paper>
* layoutoffset:(h,v)=(0.0pt,0.0pt)
* modes: 
* h-part:(L,W,R)=(72.26999pt, 469.75502pt, 72.26999pt)
* v-part:(T,H,B)=(72.26999pt, 650.43001pt, 72.26999pt)
* \paperwidth=614.295pt
* \paperheight=794.96999pt
* \textwidth=469.75502pt
* \textheight=650.43001pt
* \oddsidemargin=0.0pt
* \evensidemargin=0.0pt
* \topmargin=-37.0pt
* \headheight=12.0pt
* \headsep=25.0pt
* \topskip=10.0pt
* \footskip=30.0pt
* \marginparwidth=65.0pt
* \marginparsep=11.0pt
* \columnsep=10.0pt
* \skip\footins=9.0pt plus 4.0pt minus 2.0pt
* \hoffset=0.0pt
* \voffset=0.0pt
* \mag=1000
* \@twocolumnfalse
* \@twosidefalse
* \@mparswitchfalse
* \@reversemarginfalse
* (1in=72.27pt=25.4mm, 1cm=28.453pt)

LaTeX Font Info:    Trying to load font information for OT1+lmr on input line 1
26.
(/Users/sweston2/Library/TinyTeX/texmf-dist/tex/latex/lm/ot1lmr.fd
File: ot1lmr.fd 2015/05/01 v1.6.1 Font defs for Latin Modern
)
LaTeX Font Info:    Trying to load font information for OML+lmm on input line 1
26.
(/Users/sweston2/Library/TinyTeX/texmf-dist/tex/latex/lm/omllmm.fd
File: omllmm.fd 2015/05/01 v1.6.1 Font defs for Latin Modern
)
LaTeX Font Info:    Trying to load font information for OMS+lmsy on input line 
126.
(/Users/sweston2/Library/TinyTeX/texmf-dist/tex/latex/lm/omslmsy.fd
File: omslmsy.fd 2015/05/01 v1.6.1 Font defs for Latin Modern
)
LaTeX Font Info:    Trying to load font information for OMX+lmex on input line 
126.
(/Users/sweston2/Library/TinyTeX/texmf-dist/tex/latex/lm/omxlmex.fd
File: omxlmex.fd 2015/05/01 v1.6.1 Font defs for Latin Modern
)
LaTeX Font Info:    External font `lmex10' loaded for size
(Font)              <12> on input line 126.
LaTeX Font Info:    External font `lmex10' loaded for size
(Font)              <8> on input line 126.
LaTeX Font Info:    External font `lmex10' loaded for size
(Font)              <6> on input line 126.
LaTeX Font Info:    Trying to load font information for U+msa on input line 126
.
(/Users/sweston2/Library/TinyTeX/texmf-dist/tex/latex/amsfonts/umsa.fd
File: umsa.fd 2013/01/14 v3.01 AMS symbols A
)
LaTeX Font Info:    Trying to load font information for U+msb on input line 126
.
(/Users/sweston2/Library/TinyTeX/texmf-dist/tex/latex/amsfonts/umsb.fd
File: umsb.fd 2013/01/14 v3.01 AMS symbols B
) (./supplemental.toc
LaTeX Font Info:    External font `lmex10' loaded for size
(Font)              <10> on input line 2.
LaTeX Font Info:    External font `lmex10' loaded for size
(Font)              <7> on input line 2.
LaTeX Font Info:    External font `lmex10' loaded for size
(Font)              <5> on input line 2.
[1

{/Users/sweston2/Library/TinyTeX/texmf-var/fonts/map/pdftex/updmap/pdftex.map}]
)
\tf@toc=\write5
\openout5 = `supplemental.toc'.

LaTeX Font Info:    Trying to load font information for T1+lmtt on input line 1
38.
(/Users/sweston2/Library/TinyTeX/texmf-dist/tex/latex/lm/t1lmtt.fd
File: t1lmtt.fd 2015/05/01 v1.6.1 Font defs for Latin Modern
) [2]
LaTeX Font Info:    Font shape `T1/lmtt/bx/n' in size <10> not available
(Font)              Font shape `T1/lmtt/b/n' tried instead on input line 209.
[3] [4]
<supplemental_files/figure-latex/1-cleaning-16-1.pdf, id=189, 463.7325pt x 315.
1775pt>
File: supplemental_files/figure-latex/1-cleaning-16-1.pdf Graphic file (type pd
f)
<use supplemental_files/figure-latex/1-cleaning-16-1.pdf>
Package pdftex.def Info: supplemental_files/figure-latex/1-cleaning-16-1.pdf  u
sed on input line 403.
(pdftex.def)             Requested size: 463.73842pt x 315.18153pt.
[5] [6pdfTeX warning (ext4): destination with the same identifier (name{figure.
1}) has been already used, duplicate ignored
<argument> ...shipout:D \box_use:N \l_shipout_box 
                                                  \__shipout_drop_firstpage_...
l.410 
       <./supplemental_files/figure-latex/1-cleaning-16-1.pdf>]
<supplemental_files/figure-latex/1-cleaning-19-1.pdf, id=206, 458.71375pt x 315
.1775pt>
File: supplemental_files/figure-latex/1-cleaning-19-1.pdf Graphic file (type pd
f)
<use supplemental_files/figure-latex/1-cleaning-19-1.pdf>
Package pdftex.def Info: supplemental_files/figure-latex/1-cleaning-19-1.pdf  u
sed on input line 470.
(pdftex.def)             Requested size: 458.73363pt x 315.19115pt.
[7] [8pdfTeX warning (ext4): destination with the same identifier (name{figure.
2}) has been already used, duplicate ignored
<argument> ...shipout:D \box_use:N \l_shipout_box 
                                                  \__shipout_drop_firstpage_...
l.498 \end{Shaded}
                   <./supplemental_files/figure-latex/1-cleaning-19-1.pdf>] [9]
<supplemental_files/figure-latex/timing_dist-1.pdf, id=233, 463.7325pt x 308.15
125pt>
File: supplemental_files/figure-latex/timing_dist-1.pdf Graphic file (type pdf)

<use supplemental_files/figure-latex/timing_dist-1.pdf>
Package pdftex.def Info: supplemental_files/figure-latex/timing_dist-1.pdf  use
d on input line 578.
(pdftex.def)             Requested size: 463.73842pt x 308.15518pt.
[10pdfTeX warning (ext4): destination with the same identifier (name{figure.3})
 has been already used, duplicate ignored
<argument> ...shipout:D \box_use:N \l_shipout_box 
                                                  \__shipout_drop_firstpage_...
l.612 \begin{Shaded}
                     <./supplemental_files/figure-latex/timing_dist-1.pdf>] [11
] [12] [13]
<supplemental_files/figure-latex/1-cleaning-45-1.pdf, id=268, 463.7325pt x 315.
1775pt>
File: supplemental_files/figure-latex/1-cleaning-45-1.pdf Graphic file (type pd
f)
<use supplemental_files/figure-latex/1-cleaning-45-1.pdf>
Package pdftex.def Info: supplemental_files/figure-latex/1-cleaning-45-1.pdf  u
sed on input line 857.
(pdftex.def)             Requested size: 463.73842pt x 315.18153pt.
[14pdfTeX warning (ext4): destination with the same identifier (name{figure.4})
 has been already used, duplicate ignored
<argument> ...shipout:D \box_use:N \l_shipout_box 
                                                  \__shipout_drop_firstpage_...
l.874 \end{Shaded}
                   <./supplemental_files/figure-latex/1-cleaning-45-1.pdf>]
<supplemental_files/figure-latex/1-cleaning-48-1.pdf, id=281, 458.71375pt x 315
.1775pt>
File: supplemental_files/figure-latex/1-cleaning-48-1.pdf Graphic file (type pd
f)
<use supplemental_files/figure-latex/1-cleaning-48-1.pdf>
Package pdftex.def Info: supplemental_files/figure-latex/1-cleaning-48-1.pdf  u
sed on input line 924.
(pdftex.def)             Requested size: 458.73363pt x 315.19115pt.
[15] [16pdfTeX warning (ext4): destination with the same identifier (name{figur
e.5}) has been already used, duplicate ignored
<argument> ...shipout:D \box_use:N \l_shipout_box 
                                                  \__shipout_drop_firstpage_...
l.956 \begin{Shaded}
                     <./supplemental_files/figure-latex/1-cleaning-48-1.pdf>]
<supplemental_files/figure-latex/timing_dist_2-1.pdf, id=303, 463.7325pt x 308.
15125pt>
File: supplemental_files/figure-latex/timing_dist_2-1.pdf Graphic file (type pd
f)
<use supplemental_files/figure-latex/timing_dist_2-1.pdf>
Package pdftex.def Info: supplemental_files/figure-latex/timing_dist_2-1.pdf  u
sed on input line 1032.
(pdftex.def)             Requested size: 463.73842pt x 308.15518pt.
[17] [18pdfTeX warning (ext4): destination with the same identifier (name{figur
e.6}) has been already used, duplicate ignored
<argument> ...shipout:D \box_use:N \l_shipout_box 
                                                  \__shipout_drop_firstpage_...
l.1037 \begin{Shaded}
                      <./supplemental_files/figure-latex/timing_dist_2-1.pdf>] 
[19] [20]
<supplemental_files/figure-latex/1-cleaning-63-1.pdf, id=338, 458.71375pt x 315
.1775pt>
File: supplemental_files/figure-latex/1-cleaning-63-1.pdf Graphic file (type pd
f)
<use supplemental_files/figure-latex/1-cleaning-63-1.pdf>
Package pdftex.def Info: supplemental_files/figure-latex/1-cleaning-63-1.pdf  u
sed on input line 1218.
(pdftex.def)             Requested size: 458.73363pt x 315.19115pt.
[21] [22pdfTeX warning (ext4): destination with the same identifier (name{figur
e.7}) has been already used, duplicate ignored
<argument> ...shipout:D \box_use:N \l_shipout_box 
                                                  \__shipout_drop_firstpage_...
l.1294 \end{Shaded}
                   pdfTeX warning (ext4): destination with the same identifier 
(name{table.1}) has been already used, duplicate ignored
<argument> ...shipout:D \box_use:N \l_shipout_box 
                                                  \__shipout_drop_firstpage_...
l.1294 \end{Shaded}
                    <./supplemental_files/figure-latex/1-cleaning-63-1.pdf>]
<supplemental_files/figure-latex/1-cleaning-66-1.pdf, id=360, 463.7325pt x 315.
1775pt>
File: supplemental_files/figure-latex/1-cleaning-66-1.pdf Graphic file (type pd
f)
<use supplemental_files/figure-latex/1-cleaning-66-1.pdf>
Package pdftex.def Info: supplemental_files/figure-latex/1-cleaning-66-1.pdf  u
sed on input line 1309.
(pdftex.def)             Requested size: 463.73842pt x 315.18153pt.
<supplemental_files/figure-latex/1-cleaning-67-1.pdf, id=361, 463.7325pt x 315.
1775pt>
File: supplemental_files/figure-latex/1-cleaning-67-1.pdf Graphic file (type pd
f)
<use supplemental_files/figure-latex/1-cleaning-67-1.pdf>
Package pdftex.def Info: supplemental_files/figure-latex/1-cleaning-67-1.pdf  u
sed on input line 1328.
(pdftex.def)             Requested size: 463.73842pt x 315.18153pt.
[23] [24pdfTeX warning (ext4): destination with the same identifier (name{figur
e.8}) has been already used, duplicate ignored
<argument> ...shipout:D \box_use:N \l_shipout_box 
                                                  \__shipout_drop_firstpage_...
l.1368 \end{Shaded}
                    <./supplemental_files/figure-latex/1-cleaning-66-1.pdf>] [2
5pdfTeX warning (ext4): destination with the same identifier (name{figure.9}) h
as been already used, duplicate ignored
<argument> ...shipout:D \box_use:N \l_shipout_box 
                                                  \__shipout_drop_firstpage_...
l.1368 \end{Shaded}
                    <./supplemental_files/figure-latex/1-cleaning-67-1.pdf>]
<supplemental_files/figure-latex/1-cleaning-66b-1.pdf, id=396, 463.7325pt x 315
.1775pt>
File: supplemental_files/figure-latex/1-cleaning-66b-1.pdf Graphic file (type p
df)
<use supplemental_files/figure-latex/1-cleaning-66b-1.pdf>
Package pdftex.def Info: supplemental_files/figure-latex/1-cleaning-66b-1.pdf  
used on input line 1383.
(pdftex.def)             Requested size: 463.73842pt x 315.18153pt.
<supplemental_files/figure-latex/1-cleaning-67b-1.pdf, id=397, 463.7325pt x 315
.1775pt>
File: supplemental_files/figure-latex/1-cleaning-67b-1.pdf Graphic file (type p
df)
<use supplemental_files/figure-latex/1-cleaning-67b-1.pdf>
Package pdftex.def Info: supplemental_files/figure-latex/1-cleaning-67b-1.pdf  
used on input line 1402.
(pdftex.def)             Requested size: 463.73842pt x 315.18153pt.
[26] [27pdfTeX warning (ext4): destination with the same identifier (name{figur
e.10}) has been already used, duplicate ignored
<argument> ...shipout:D \box_use:N \l_shipout_box 
                                                  \__shipout_drop_firstpage_...
l.1436 \end{verbatim}
                      <./supplemental_files/figure-latex/1-cleaning-66b-1.pdf>]
[28pdfTeX warning (ext4): destination with the same identifier (name{figure.11}
) has been already used, duplicate ignored
<argument> ...shipout:D \box_use:N \l_shipout_box 
                                                  \__shipout_drop_firstpage_...
l.1436 \end{verbatim}
                      <./supplemental_files/figure-latex/1-cleaning-67b-1.pdf>]

Underfull \hbox (badness 2088) in paragraph at lines 1467--1474
[]\T1/lmr/m/n/10 These vari-able names have one of four for-mats: \T1/lmtt/m/n/
10 [trait]_[abcd] \T1/lmr/m/n/10 (for ex-am-ple, \T1/lmtt/m/n/10 talkative_a\T1
/lmr/m/n/10 ),
 []


Underfull \hbox (badness 3471) in paragraph at lines 1467--1474
\T1/lmtt/m/n/10 [trait]_[abcd]_2 \T1/lmr/m/n/10 (for ex-am-ple, \T1/lmtt/m/n/10
 talkative_a_2\T1/lmr/m/n/10 ), \T1/lmtt/m/n/10 [trait]_[abcd]_3 \T1/lmr/m/n/10
 (e.g., \T1/lmtt/m/n/10 talkative_a_3\T1/lmr/m/n/10 ), or
 []

[29] [30]
<supplemental_files/figure-latex/1-cleaning-77-1.pdf, id=445, 463.7325pt x 312.
16624pt>
File: supplemental_files/figure-latex/1-cleaning-77-1.pdf Graphic file (type pd
f)
<use supplemental_files/figure-latex/1-cleaning-77-1.pdf>
Package pdftex.def Info: supplemental_files/figure-latex/1-cleaning-77-1.pdf  u
sed on input line 1601.
(pdftex.def)             Requested size: 463.73842pt x 312.17024pt.
[31pdfTeX warning (ext4): destination with the same identifier (name{figure.12}
) has been already used, duplicate ignored
<argument> ...shipout:D \box_use:N \l_shipout_box 
                                                  \__shipout_drop_firstpage_...
l.1608 \newpage
                <./supplemental_files/figure-latex/1-cleaning-77-1.pdf>]
Overfull \hbox (42.69005pt too wide) in paragraph at lines 1673--1718
 [][] 
 []

[32pdfTeX warning (ext4): destination with the same identifier (name{table.2}) 
has been already used, duplicate ignored
<argument> ...shipout:D \box_use:N \l_shipout_box 
                                                  \__shipout_drop_firstpage_...
l.1739 \end{Shaded}
                   ] [33]
Overfull \hbox (42.69005pt too wide) in paragraph at lines 1783--1828
 [][] 
 []

[34pdfTeX warning (ext4): destination with the same identifier (name{table.3}) 
has been already used, duplicate ignored
<argument> ...shipout:D \box_use:N \l_shipout_box 
                                                  \__shipout_drop_firstpage_...
l.1830 \newpage
               ] [35]
<supplemental_files/figure-latex/unnamed-chunk-24-1.pdf, id=481, 468.75125pt x 
315.1775pt>
File: supplemental_files/figure-latex/unnamed-chunk-24-1.pdf Graphic file (type
 pdf)
<use supplemental_files/figure-latex/unnamed-chunk-24-1.pdf>
Package pdftex.def Info: supplemental_files/figure-latex/unnamed-chunk-24-1.pdf
  used on input line 1895.
(pdftex.def)             Requested size: 468.75009pt x 315.17673pt.
[36] [37pdfTeX warning (ext4): destination with the same identifier (name{figur
e.13}) has been already used, duplicate ignored
<argument> ...shipout:D \box_use:N \l_shipout_box 
                                                  \__shipout_drop_firstpage_...
l.1925 \end{Shaded}
                    <./supplemental_files/figure-latex/unnamed-chunk-24-1.pdf>]
<supplemental_files/figure-latex/unnamed-chunk-25-1.pdf, id=501, 463.7325pt x 3
14.17375pt>
File: supplemental_files/figure-latex/unnamed-chunk-25-1.pdf Graphic file (type
 pdf)
<use supplemental_files/figure-latex/unnamed-chunk-25-1.pdf>
Package pdftex.def Info: supplemental_files/figure-latex/unnamed-chunk-25-1.pdf
  used on input line 1929.
(pdftex.def)             Requested size: 463.73842pt x 314.17776pt.
[38pdfTeX warning (ext4): destination with the same identifier (name{figure.14}
) has been already used, duplicate ignored
<argument> ...shipout:D \box_use:N \l_shipout_box 
                                                  \__shipout_drop_firstpage_...
l.1959 \end{Shaded}
                    <./supplemental_files/figure-latex/unnamed-chunk-25-1.pdf>]
[39pdfTeX warning (ext4): destination with the same identifier (name{table.4}) 
has been already used, duplicate ignored
<argument> ...shipout:D \box_use:N \l_shipout_box 
                                                  \__shipout_drop_firstpage_...
l.2013 \begin{Shaded}
                     ]
Overfull \hbox (39.79973pt too wide) in paragraph at lines 2058--2086
 [][] 
 []

<supplemental_files/figure-latex/unnamed-chunk-29-1.pdf, id=523, 462.72874pt x 
313.17pt>
File: supplemental_files/figure-latex/unnamed-chunk-29-1.pdf Graphic file (type
 pdf)
<use supplemental_files/figure-latex/unnamed-chunk-29-1.pdf>
Package pdftex.def Info: supplemental_files/figure-latex/unnamed-chunk-29-1.pdf
  used on input line 2096.
(pdftex.def)             Requested size: 462.73466pt x 313.174pt.
[40pdfTeX warning (ext4): destination with the same identifier (name{table.5}) 
has been already used, duplicate ignored
<argument> ...shipout:D \box_use:N \l_shipout_box 
                                                  \__shipout_drop_firstpage_...
l.2113 \end{Shaded}
                   ] [41pdfTeX warning (ext4): destination with the same identi
fier (name{figure.15}) has been already used, duplicate ignored
<argument> ...shipout:D \box_use:N \l_shipout_box 
                                                  \__shipout_drop_firstpage_...
l.2113 \end{Shaded}
                    <./supplemental_files/figure-latex/unnamed-chunk-29-1.pdf>]
<supplemental_files/figure-latex/unnamed-chunk-33-1.pdf, id=544, 468.75125pt x 
315.1775pt>
File: supplemental_files/figure-latex/unnamed-chunk-33-1.pdf Graphic file (type
 pdf)
<use supplemental_files/figure-latex/unnamed-chunk-33-1.pdf>
Package pdftex.def Info: supplemental_files/figure-latex/unnamed-chunk-33-1.pdf
  used on input line 2143.
(pdftex.def)             Requested size: 468.75009pt x 315.17673pt.
[42pdfTeX warning (ext4): destination with the same identifier (name{figure.16}
) has been already used, duplicate ignored
<argument> ...shipout:D \box_use:N \l_shipout_box 
                                                  \__shipout_drop_firstpage_...
l.2173 \end{Shaded}
                    <./supplemental_files/figure-latex/unnamed-chunk-33-1.pdf>]
<supplemental_files/figure-latex/unnamed-chunk-34-1.pdf, id=557, 463.7325pt x 3
14.17375pt>
File: supplemental_files/figure-latex/unnamed-chunk-34-1.pdf Graphic file (type
 pdf)
<use supplemental_files/figure-latex/unnamed-chunk-34-1.pdf>
Package pdftex.def Info: supplemental_files/figure-latex/unnamed-chunk-34-1.pdf
  used on input line 2177.
(pdftex.def)             Requested size: 463.73842pt x 314.17776pt.
[43pdfTeX warning (ext4): destination with the same identifier (name{figure.17}
) has been already used, duplicate ignored
<argument> ...shipout:D \box_use:N \l_shipout_box 
                                                  \__shipout_drop_firstpage_...
l.2187 \begin{Shaded}
                      <./supplemental_files/figure-latex/unnamed-chunk-34-1.pdf
>]
Overfull \hbox (52.57748pt too wide) in paragraph at lines 2307--2335
 [][] 
 []

[44] [45pdfTeX warning (ext4): destination with the same identifier (name{table
.6}) has been already used, duplicate ignored
<argument> ...shipout:D \box_use:N \l_shipout_box 
                                                  \__shipout_drop_firstpage_...
l.2337 \begin{Shaded}
                     pdfTeX warning (ext4): destination with the same identifie
r (name{table.7}) has been already used, duplicate ignored
<argument> ...shipout:D \box_use:N \l_shipout_box 
                                                  \__shipout_drop_firstpage_...
l.2337 \begin{Shaded}
                     ]
<supplemental_files/figure-latex/unnamed-chunk-38-1.pdf, id=588, 462.72874pt x 
313.17pt>
File: supplemental_files/figure-latex/unnamed-chunk-38-1.pdf Graphic file (type
 pdf)
<use supplemental_files/figure-latex/unnamed-chunk-38-1.pdf>
Package pdftex.def Info: supplemental_files/figure-latex/unnamed-chunk-38-1.pdf
  used on input line 2345.
(pdftex.def)             Requested size: 462.73466pt x 313.174pt.

Overfull \hbox (52.57748pt too wide) in paragraph at lines 2374--2402
 [][] 
 []

<supplemental_files/figure-latex/unnamed-chunk-40-1.pdf, id=589, 462.72874pt x 
313.17pt>
File: supplemental_files/figure-latex/unnamed-chunk-40-1.pdf Graphic file (type
 pdf)
<use supplemental_files/figure-latex/unnamed-chunk-40-1.pdf>
Package pdftex.def Info: supplemental_files/figure-latex/unnamed-chunk-40-1.pdf
  used on input line 2412.
(pdftex.def)             Requested size: 462.73466pt x 313.174pt.
[46pdfTeX warning (ext4): destination with the same identifier (name{figure.18}
) has been already used, duplicate ignored
<argument> ...shipout:D \box_use:N \l_shipout_box 
                                                  \__shipout_drop_firstpage_...
l.2421 \begin{Shaded}
                      <./supplemental_files/figure-latex/unnamed-chunk-38-1.pdf
>] [47pdfTeX warning (ext4): destination with the same identifier (name{table.8
}) has been already used, duplicate ignored
<argument> ...shipout:D \box_use:N \l_shipout_box 
                                                  \__shipout_drop_firstpage_...
l.2421 \begin{Shaded}
                     pdfTeX warning (ext4): destination with the same identifie
r (name{figure.19}) has been already used, duplicate ignored
<argument> ...shipout:D \box_use:N \l_shipout_box 
                                                  \__shipout_drop_firstpage_...
l.2421 \begin{Shaded}
                      <./supplemental_files/figure-latex/unnamed-chunk-40-1.pdf
>] [48]
<supplemental_files/figure-latex/unnamed-chunk-42-1.pdf, id=622, 468.75125pt x 
315.1775pt>
File: supplemental_files/figure-latex/unnamed-chunk-42-1.pdf Graphic file (type
 pdf)
<use supplemental_files/figure-latex/unnamed-chunk-42-1.pdf>
Package pdftex.def Info: supplemental_files/figure-latex/unnamed-chunk-42-1.pdf
  used on input line 2536.
(pdftex.def)             Requested size: 468.75009pt x 315.17673pt.
[49] [50pdfTeX warning (ext4): destination with the same identifier (name{figur
e.20}) has been already used, duplicate ignored
<argument> ...shipout:D \box_use:N \l_shipout_box 
                                                  \__shipout_drop_firstpage_...
l.2565 \end{Shaded}
                    <./supplemental_files/figure-latex/unnamed-chunk-42-1.pdf>]
[51]
<supplemental_files/figure-latex/unnamed-chunk-47-1.pdf, id=647, 468.75125pt x 
315.1775pt>
File: supplemental_files/figure-latex/unnamed-chunk-47-1.pdf Graphic file (type
 pdf)
<use supplemental_files/figure-latex/unnamed-chunk-47-1.pdf>
Package pdftex.def Info: supplemental_files/figure-latex/unnamed-chunk-47-1.pdf
  used on input line 2677.
(pdftex.def)             Requested size: 468.75009pt x 315.17673pt.
[52] [53pdfTeX warning (ext4): destination with the same identifier (name{figur
e.21}) has been already used, duplicate ignored
<argument> ...shipout:D \box_use:N \l_shipout_box 
                                                  \__shipout_drop_firstpage_...
l.2707 \end{Shaded}
                    <./supplemental_files/figure-latex/unnamed-chunk-47-1.pdf>]
<supplemental_files/figure-latex/unnamed-chunk-48-1.pdf, id=666, 463.7325pt x 3
14.17375pt>
File: supplemental_files/figure-latex/unnamed-chunk-48-1.pdf Graphic file (type
 pdf)
<use supplemental_files/figure-latex/unnamed-chunk-48-1.pdf>
Package pdftex.def Info: supplemental_files/figure-latex/unnamed-chunk-48-1.pdf
  used on input line 2711.
(pdftex.def)             Requested size: 463.73842pt x 314.17776pt.
[54pdfTeX warning (ext4): destination with the same identifier (name{figure.22}
) has been already used, duplicate ignored
<argument> ...shipout:D \box_use:N \l_shipout_box 
                                                  \__shipout_drop_firstpage_...
l.2715 \newpage
                <./supplemental_files/figure-latex/unnamed-chunk-48-1.pdf>] [55
] [56] [57] [58] [59] [60]
<supplemental_files/figure-latex/testre-1.pdf, id=718, 463.7325pt x 316.18124pt
>
File: supplemental_files/figure-latex/testre-1.pdf Graphic file (type pdf)
<use supplemental_files/figure-latex/testre-1.pdf>
Package pdftex.def Info: supplemental_files/figure-latex/testre-1.pdf  used on 
input line 3174.
(pdftex.def)             Requested size: 463.73842pt x 316.18529pt.
[61] [62pdfTeX warning (ext4): destination with the same identifier (name{figur
e.23}) has been already used, duplicate ignored
<argument> ...shipout:D \box_use:N \l_shipout_box 
                                                  \__shipout_drop_firstpage_...
l.3191 \end{Shaded}
                    <./supplemental_files/figure-latex/testre-1.pdf>]
LaTeX Font Info:    Trying to load font information for TS1+lmtt on input line 
3203.
(/Users/sweston2/Library/TinyTeX/texmf-dist/tex/latex/lm/ts1lmtt.fd
File: ts1lmtt.fd 2015/05/01 v1.6.1 Font defs for Latin Modern
)

LaTeX Warning: Float too large for page by 944.60022pt on input line 3506.

<supplemental_files/figure-latex/unnamed-chunk-65-1.pdf, id=737, 457.71pt x 307
.1475pt>
File: supplemental_files/figure-latex/unnamed-chunk-65-1.pdf Graphic file (type
 pdf)
<use supplemental_files/figure-latex/unnamed-chunk-65-1.pdf>
Package pdftex.def Info: supplemental_files/figure-latex/unnamed-chunk-65-1.pdf
  used on input line 3528.
(pdftex.def)             Requested size: 457.72984pt x 307.1608pt.
[63] [64pdfTeX warning (ext4): destination with the same identifier (name{table
.9}) has been already used, duplicate ignored
<argument> ...shipout:D \box_use:N \l_shipout_box 
                                                  \__shipout_drop_firstpage_...
l.3533 \newpage
               ] [65pdfTeX warning (ext4): destination with the same identifier
 (name{figure.24}) has been already used, duplicate ignored
<argument> ...shipout:D \box_use:N \l_shipout_box 
                                                  \__shipout_drop_firstpage_...
l.3533 \newpage
                <./supplemental_files/figure-latex/unnamed-chunk-65-1.pdf>]
<supplemental_files/figure-latex/unnamed-chunk-70-1.pdf, id=760, 468.75125pt x 
315.1775pt>
File: supplemental_files/figure-latex/unnamed-chunk-70-1.pdf Graphic file (type
 pdf)
<use supplemental_files/figure-latex/unnamed-chunk-70-1.pdf>
Package pdftex.def Info: supplemental_files/figure-latex/unnamed-chunk-70-1.pdf
  used on input line 3579.
(pdftex.def)             Requested size: 468.75009pt x 315.17673pt.
<supplemental_files/figure-latex/unnamed-chunk-71-1.pdf, id=761, 457.71pt x 315
.1775pt>
File: supplemental_files/figure-latex/unnamed-chunk-71-1.pdf Graphic file (type
 pdf)
<use supplemental_files/figure-latex/unnamed-chunk-71-1.pdf>
Package pdftex.def Info: supplemental_files/figure-latex/unnamed-chunk-71-1.pdf
  used on input line 3605.
(pdftex.def)             Requested size: 457.72984pt x 315.19115pt.
[66] [67pdfTeX warning (ext4): destination with the same identifier (name{figur
e.25}) has been already used, duplicate ignored
<argument> ...shipout:D \box_use:N \l_shipout_box 
                                                  \__shipout_drop_firstpage_...
l.3635 \end{Shaded}
                    <./supplemental_files/figure-latex/unnamed-chunk-70-1.pdf>]
[68pdfTeX warning (ext4): destination with the same identifier (name{figure.26}
) has been already used, duplicate ignored
<argument> ...shipout:D \box_use:N \l_shipout_box 
                                                  \__shipout_drop_firstpage_...
l.3635 \end{Shaded}
                    <./supplemental_files/figure-latex/unnamed-chunk-71-1.pdf>]
<supplemental_files/figure-latex/unnamed-chunk-72-1.pdf, id=793, 463.7325pt x 3
14.17375pt>
File: supplemental_files/figure-latex/unnamed-chunk-72-1.pdf Graphic file (type
 pdf)
<use supplemental_files/figure-latex/unnamed-chunk-72-1.pdf>
Package pdftex.def Info: supplemental_files/figure-latex/unnamed-chunk-72-1.pdf
  used on input line 3639.
(pdftex.def)             Requested size: 463.73842pt x 314.17776pt.

Overfull \hbox (4.93945pt too wide) in paragraph at lines 3656--3684
 [][] 
 []

[69pdfTeX warning (ext4): destination with the same identifier (name{figure.27}
) has been already used, duplicate ignored
<argument> ...shipout:D \box_use:N \l_shipout_box 
                                                  \__shipout_drop_firstpage_...
l.3692 \begin{Shaded}
                      <./supplemental_files/figure-latex/unnamed-chunk-72-1.pdf
>] [70] [71pdfTeX warning (ext4): destination with the same identifier (name{ta
ble.10}) has been already used, duplicate ignored
<argument> ...shipout:D \box_use:N \l_shipout_box 
                                                  \__shipout_drop_firstpage_...
l.3796 \begin{Shaded}
                     ]
Overfull \hbox (39.79973pt too wide) in paragraph at lines 3816--3844
 [][] 
 []

<supplemental_files/figure-latex/unnamed-chunk-77-1.pdf, id=823, 468.75125pt x 
313.17pt>
File: supplemental_files/figure-latex/unnamed-chunk-77-1.pdf Graphic file (type
 pdf)
<use supplemental_files/figure-latex/unnamed-chunk-77-1.pdf>
Package pdftex.def Info: supplemental_files/figure-latex/unnamed-chunk-77-1.pdf
  used on input line 3854.
(pdftex.def)             Requested size: 468.75009pt x 313.16922pt.

Overfull \hbox (39.79973pt too wide) in paragraph at lines 3882--3910
 [][] 
 []

<supplemental_files/figure-latex/unnamed-chunk-79-1.pdf, id=824, 468.75125pt x 
313.17pt>
File: supplemental_files/figure-latex/unnamed-chunk-79-1.pdf Graphic file (type
 pdf)
<use supplemental_files/figure-latex/unnamed-chunk-79-1.pdf>
Package pdftex.def Info: supplemental_files/figure-latex/unnamed-chunk-79-1.pdf
  used on input line 3920.
(pdftex.def)             Requested size: 468.75009pt x 313.16922pt.
[72pdfTeX warning (ext4): destination with the same identifier (name{table.11})
 has been already used, duplicate ignored
<argument> ...shipout:D \box_use:N \l_shipout_box 
                                                  \__shipout_drop_firstpage_...
l.3942 \end{Shaded}
                   ] [73pdfTeX warning (ext4): destination with the same identi
fier (name{figure.28}) has been already used, duplicate ignored
<argument> ...shipout:D \box_use:N \l_shipout_box 
                                                  \__shipout_drop_firstpage_...
l.3942 \end{Shaded}
                   pdfTeX warning (ext4): destination with the same identifier 
(name{table.12}) has been already used, duplicate ignored
<argument> ...shipout:D \box_use:N \l_shipout_box 
                                                  \__shipout_drop_firstpage_...
l.3942 \end{Shaded}
                    <./supplemental_files/figure-latex/unnamed-chunk-77-1.pdf>]
[74pdfTeX warning (ext4): destination with the same identifier (name{figure.29}
) has been already used, duplicate ignored
<argument> ...shipout:D \box_use:N \l_shipout_box 
                                                  \__shipout_drop_firstpage_...
l.3942 \end{Shaded}
                    <./supplemental_files/figure-latex/unnamed-chunk-79-1.pdf>]

Overfull \hbox (39.79973pt too wide) in paragraph at lines 3948--3976
 [][] 
 []

<supplemental_files/figure-latex/unnamed-chunk-81-1.pdf, id=861, 468.75125pt x 
313.17pt>
File: supplemental_files/figure-latex/unnamed-chunk-81-1.pdf Graphic file (type
 pdf)
<use supplemental_files/figure-latex/unnamed-chunk-81-1.pdf>
Package pdftex.def Info: supplemental_files/figure-latex/unnamed-chunk-81-1.pdf
  used on input line 3986.
(pdftex.def)             Requested size: 468.75009pt x 313.16922pt.

Overfull \hbox (39.79973pt too wide) in paragraph at lines 4014--4042
 [][] 
 []

<supplemental_files/figure-latex/unnamed-chunk-83-1.pdf, id=862, 468.75125pt x 
313.17pt>
File: supplemental_files/figure-latex/unnamed-chunk-83-1.pdf Graphic file (type
 pdf)
<use supplemental_files/figure-latex/unnamed-chunk-83-1.pdf>
Package pdftex.def Info: supplemental_files/figure-latex/unnamed-chunk-83-1.pdf
  used on input line 4052.
(pdftex.def)             Requested size: 468.75009pt x 313.16922pt.
[75pdfTeX warning (ext4): destination with the same identifier (name{table.13})
 has been already used, duplicate ignored
<argument> ...shipout:D \box_use:N \l_shipout_box 
                                                  \__shipout_drop_firstpage_...
l.4073 \end{Shaded}
                   ] [76pdfTeX warning (ext4): destination with the same identi
fier (name{figure.30}) has been already used, duplicate ignored
<argument> ...shipout:D \box_use:N \l_shipout_box 
                                                  \__shipout_drop_firstpage_...
l.4073 \end{Shaded}
                   pdfTeX warning (ext4): destination with the same identifier 
(name{table.14}) has been already used, duplicate ignored
<argument> ...shipout:D \box_use:N \l_shipout_box 
                                                  \__shipout_drop_firstpage_...
l.4073 \end{Shaded}
                    <./supplemental_files/figure-latex/unnamed-chunk-81-1.pdf>]
[77pdfTeX warning (ext4): destination with the same identifier (name{figure.31}
) has been already used, duplicate ignored
<argument> ...shipout:D \box_use:N \l_shipout_box 
                                                  \__shipout_drop_firstpage_...
l.4073 \end{Shaded}
                    <./supplemental_files/figure-latex/unnamed-chunk-83-1.pdf>]

Overfull \hbox (39.79973pt too wide) in paragraph at lines 4079--4107
 [][] 
 []

<supplemental_files/figure-latex/unnamed-chunk-85-1.pdf, id=897, 468.75125pt x 
313.17pt>
File: supplemental_files/figure-latex/unnamed-chunk-85-1.pdf Graphic file (type
 pdf)
<use supplemental_files/figure-latex/unnamed-chunk-85-1.pdf>
Package pdftex.def Info: supplemental_files/figure-latex/unnamed-chunk-85-1.pdf
  used on input line 4117.
(pdftex.def)             Requested size: 468.75009pt x 313.16922pt.

Overfull \hbox (39.79973pt too wide) in paragraph at lines 4145--4173
 [][] 
 []

<supplemental_files/figure-latex/unnamed-chunk-87-1.pdf, id=898, 468.75125pt x 
313.17pt>
File: supplemental_files/figure-latex/unnamed-chunk-87-1.pdf Graphic file (type
 pdf)
<use supplemental_files/figure-latex/unnamed-chunk-87-1.pdf>
Package pdftex.def Info: supplemental_files/figure-latex/unnamed-chunk-87-1.pdf
  used on input line 4183.
(pdftex.def)             Requested size: 468.75009pt x 313.16922pt.
[78pdfTeX warning (ext4): destination with the same identifier (name{table.15})
 has been already used, duplicate ignored
<argument> ...shipout:D \box_use:N \l_shipout_box 
                                                  \__shipout_drop_firstpage_...
l.4196 \begin{Shaded}
                     ] [79pdfTeX warning (ext4): destination with the same iden
tifier (name{figure.32}) has been already used, duplicate ignored
<argument> ...shipout:D \box_use:N \l_shipout_box 
                                                  \__shipout_drop_firstpage_...
l.4196 \begin{Shaded}
                     pdfTeX warning (ext4): destination with the same identifie
r (name{table.16}) has been already used, duplicate ignored
<argument> ...shipout:D \box_use:N \l_shipout_box 
                                                  \__shipout_drop_firstpage_...
l.4196 \begin{Shaded}
                      <./supplemental_files/figure-latex/unnamed-chunk-85-1.pdf
>] [80pdfTeX warning (ext4): destination with the same identifier (name{figure.
33}) has been already used, duplicate ignored
<argument> ...shipout:D \box_use:N \l_shipout_box 
                                                  \__shipout_drop_firstpage_...
l.4196 \begin{Shaded}
                      <./supplemental_files/figure-latex/unnamed-chunk-87-1.pdf
>]
<supplemental_files/figure-latex/unnamed-chunk-90-1.pdf, id=933, 468.75125pt x 
315.1775pt>
File: supplemental_files/figure-latex/unnamed-chunk-90-1.pdf Graphic file (type
 pdf)
<use supplemental_files/figure-latex/unnamed-chunk-90-1.pdf>
Package pdftex.def Info: supplemental_files/figure-latex/unnamed-chunk-90-1.pdf
  used on input line 4232.
(pdftex.def)             Requested size: 468.75009pt x 315.17673pt.
[81pdfTeX warning (ext4): destination with the same identifier (name{figure.34}
) has been already used, duplicate ignored
<argument> ...shipout:D \box_use:N \l_shipout_box 
                                                  \__shipout_drop_firstpage_...
l.4254 \end{Shaded}
                    <./supplemental_files/figure-latex/unnamed-chunk-90-1.pdf>]
<supplemental_files/figure-latex/unnamed-chunk-91-1.pdf, id=946, 456.70625pt x 
315.1775pt>
File: supplemental_files/figure-latex/unnamed-chunk-91-1.pdf Graphic file (type
 pdf)
<use supplemental_files/figure-latex/unnamed-chunk-91-1.pdf>
Package pdftex.def Info: supplemental_files/figure-latex/unnamed-chunk-91-1.pdf
  used on input line 4258.
(pdftex.def)             Requested size: 456.71906pt x 315.18634pt.
[82pdfTeX warning (ext4): destination with the same identifier (name{figure.35}
) has been already used, duplicate ignored
<argument> ...shipout:D \box_use:N \l_shipout_box 
                                                  \__shipout_drop_firstpage_...
l.4287 \end{Shaded}
                    <./supplemental_files/figure-latex/unnamed-chunk-91-1.pdf>]
<supplemental_files/figure-latex/unnamed-chunk-92-1.pdf, id=960, 463.7325pt x 3
14.17375pt>
File: supplemental_files/figure-latex/unnamed-chunk-92-1.pdf Graphic file (type
 pdf)
<use supplemental_files/figure-latex/unnamed-chunk-92-1.pdf>
Package pdftex.def Info: supplemental_files/figure-latex/unnamed-chunk-92-1.pdf
  used on input line 4291.
(pdftex.def)             Requested size: 463.73842pt x 314.17776pt.

Overfull \hbox (22.71721pt too wide) in paragraph at lines 4308--4336
 [][] 
 []

[83pdfTeX warning (ext4): destination with the same identifier (name{figure.36}
) has been already used, duplicate ignored
<argument> ...shipout:D \box_use:N \l_shipout_box 
                                                  \__shipout_drop_firstpage_...
l.4344 \begin{Shaded}
                      <./supplemental_files/figure-latex/unnamed-chunk-92-1.pdf
>] [84] [85pdfTeX warning (ext4): destination with the same identifier (name{ta
ble.17}) has been already used, duplicate ignored
<argument> ...shipout:D \box_use:N \l_shipout_box 
                                                  \__shipout_drop_firstpage_...
l.4447 \begin{Shaded}
                     ]
Overfull \hbox (52.57748pt too wide) in paragraph at lines 4468--4496
 [][] 
 []

<supplemental_files/figure-latex/unnamed-chunk-97-1.pdf, id=990, 468.75125pt x 
313.17pt>
File: supplemental_files/figure-latex/unnamed-chunk-97-1.pdf Graphic file (type
 pdf)
<use supplemental_files/figure-latex/unnamed-chunk-97-1.pdf>
Package pdftex.def Info: supplemental_files/figure-latex/unnamed-chunk-97-1.pdf
  used on input line 4506.
(pdftex.def)             Requested size: 468.75009pt x 313.16922pt.

Overfull \hbox (52.57748pt too wide) in paragraph at lines 4535--4563
 [][] 
 []

<supplemental_files/figure-latex/unnamed-chunk-99-1.pdf, id=991, 468.75125pt x 
313.17pt>
File: supplemental_files/figure-latex/unnamed-chunk-99-1.pdf Graphic file (type
 pdf)
<use supplemental_files/figure-latex/unnamed-chunk-99-1.pdf>
Package pdftex.def Info: supplemental_files/figure-latex/unnamed-chunk-99-1.pdf
  used on input line 4573.
(pdftex.def)             Requested size: 468.75009pt x 313.16922pt.
[86pdfTeX warning (ext4): destination with the same identifier (name{table.18})
 has been already used, duplicate ignored
<argument> ...shipout:D \box_use:N \l_shipout_box 
                                                  \__shipout_drop_firstpage_...
l.4581 \begin{Shaded}
                     ] [87pdfTeX warning (ext4): destination with the same iden
tifier (name{figure.37}) has been already used, duplicate ignored
<argument> ...shipout:D \box_use:N \l_shipout_box 
                                                  \__shipout_drop_firstpage_...
l.4581 \begin{Shaded}
                     pdfTeX warning (ext4): destination with the same identifie
r (name{table.19}) has been already used, duplicate ignored
<argument> ...shipout:D \box_use:N \l_shipout_box 
                                                  \__shipout_drop_firstpage_...
l.4581 \begin{Shaded}
                      <./supplemental_files/figure-latex/unnamed-chunk-97-1.pdf
>] [88pdfTeX warning (ext4): destination with the same identifier (name{figure.
38}) has been already used, duplicate ignored
<argument> ...shipout:D \box_use:N \l_shipout_box 
                                                  \__shipout_drop_firstpage_...
l.4581 \begin{Shaded}
                      <./supplemental_files/figure-latex/unnamed-chunk-99-1.pdf
>]
Overfull \hbox (52.57748pt too wide) in paragraph at lines 4602--4630
 [][] 
 []

<supplemental_files/figure-latex/unnamed-chunk-101-1.pdf, id=1026, 468.75125pt 
x 313.17pt>
File: supplemental_files/figure-latex/unnamed-chunk-101-1.pdf Graphic file (typ
e pdf)
<use supplemental_files/figure-latex/unnamed-chunk-101-1.pdf>
Package pdftex.def Info: supplemental_files/figure-latex/unnamed-chunk-101-1.pd
f  used on input line 4640.
(pdftex.def)             Requested size: 468.75009pt x 313.16922pt.
[89pdfTeX warning (ext4): destination with the same identifier (name{table.20})
 has been already used, duplicate ignored
<argument> ...shipout:D \box_use:N \l_shipout_box 
                                                  \__shipout_drop_firstpage_...
l.4749 \end{verbatim}
                     ] [90pdfTeX warning (ext4): destination with the same iden
tifier (name{figure.39}) has been already used, duplicate ignored
<argument> ...shipout:D \box_use:N \l_shipout_box 
                                                  \__shipout_drop_firstpage_...
l.4749 \end{verbatim}
                      <./supplemental_files/figure-latex/unnamed-chunk-101-1.pd
f>] [91]
<supplemental_files/figure-latex/unnamed-chunk-103-1.pdf, id=1051, 468.75125pt 
x 315.1775pt>
File: supplemental_files/figure-latex/unnamed-chunk-103-1.pdf Graphic file (typ
e pdf)
<use supplemental_files/figure-latex/unnamed-chunk-103-1.pdf>
Package pdftex.def Info: supplemental_files/figure-latex/unnamed-chunk-103-1.pd
f  used on input line 4768.
(pdftex.def)             Requested size: 468.75009pt x 315.17673pt.
<supplemental_files/figure-latex/unnamed-chunk-104-1.pdf, id=1052, 573.14125pt 
x 315.1775pt>
File: supplemental_files/figure-latex/unnamed-chunk-104-1.pdf Graphic file (typ
e pdf)
<use supplemental_files/figure-latex/unnamed-chunk-104-1.pdf>
Package pdftex.def Info: supplemental_files/figure-latex/unnamed-chunk-104-1.pd
f  used on input line 4797.
(pdftex.def)             Requested size: 469.76022pt x 258.32698pt.
[92] [93pdfTeX warning (ext4): destination with the same identifier (name{figur
e.40}) has been already used, duplicate ignored
<argument> ...shipout:D \box_use:N \l_shipout_box 
                                                  \__shipout_drop_firstpage_...
l.4806 \begin{Shaded}
                      <./supplemental_files/figure-latex/unnamed-chunk-103-1.pd
f>] [94pdfTeX warning (ext4): destination with the same identifier (name{figure
.41}) has been already used, duplicate ignored
<argument> ...shipout:D \box_use:N \l_shipout_box 
                                                  \__shipout_drop_firstpage_...
l.4882 \begin{Shaded}
                      <./supplemental_files/figure-latex/unnamed-chunk-104-1.pd
f>] [95]
<supplemental_files/figure-latex/unnamed-chunk-108-1.pdf, id=1088, 457.71pt x 3
13.17pt>
File: supplemental_files/figure-latex/unnamed-chunk-108-1.pdf Graphic file (typ
e pdf)
<use supplemental_files/figure-latex/unnamed-chunk-108-1.pdf>
Package pdftex.def Info: supplemental_files/figure-latex/unnamed-chunk-108-1.pd
f  used on input line 4917.
(pdftex.def)             Requested size: 457.72285pt x 313.17877pt.
[96pdfTeX warning (ext4): destination with the same identifier (name{figure.42}
) has been already used, duplicate ignored
<argument> ...shipout:D \box_use:N \l_shipout_box 
                                                  \__shipout_drop_firstpage_...
l.4925 \begin{Shaded}
                      <./supplemental_files/figure-latex/unnamed-chunk-108-1.pd
f>]
<supplemental_files/figure-latex/unnamed-chunk-110-1.pdf, id=1106, 457.71pt x 3
13.17pt>
File: supplemental_files/figure-latex/unnamed-chunk-110-1.pdf Graphic file (typ
e pdf)
<use supplemental_files/figure-latex/unnamed-chunk-110-1.pdf>
Package pdftex.def Info: supplemental_files/figure-latex/unnamed-chunk-110-1.pd
f  used on input line 4942.
(pdftex.def)             Requested size: 457.72285pt x 313.17877pt.
<supplemental_files/figure-latex/unnamed-chunk-112-1.pdf, id=1107, 457.71pt x 3
13.17pt>
File: supplemental_files/figure-latex/unnamed-chunk-112-1.pdf Graphic file (typ
e pdf)
<use supplemental_files/figure-latex/unnamed-chunk-112-1.pdf>
Package pdftex.def Info: supplemental_files/figure-latex/unnamed-chunk-112-1.pd
f  used on input line 4967.
(pdftex.def)             Requested size: 457.72285pt x 313.17877pt.
[97pdfTeX warning (ext4): destination with the same identifier (name{figure.43}
) has been already used, duplicate ignored
<argument> ...shipout:D \box_use:N \l_shipout_box 
                                                  \__shipout_drop_firstpage_...
l.4975 \begin{Shaded}
                      <./supplemental_files/figure-latex/unnamed-chunk-110-1.pd
f>] [98pdfTeX warning (ext4): destination with the same identifier (name{figure
.44}) has been already used, duplicate ignored
<argument> ...shipout:D \box_use:N \l_shipout_box 
                                                  \__shipout_drop_firstpage_...
l.4975 \begin{Shaded}
                      <./supplemental_files/figure-latex/unnamed-chunk-112-1.pd
f>]
<supplemental_files/figure-latex/unnamed-chunk-114-1.pdf, id=1137, 457.71pt x 3
13.17pt>
File: supplemental_files/figure-latex/unnamed-chunk-114-1.pdf Graphic file (typ
e pdf)
<use supplemental_files/figure-latex/unnamed-chunk-114-1.pdf>
Package pdftex.def Info: supplemental_files/figure-latex/unnamed-chunk-114-1.pd
f  used on input line 4992.
(pdftex.def)             Requested size: 457.72285pt x 313.17877pt.
<supplemental_files/figure-latex/unnamed-chunk-116-1.pdf, id=1138, 457.71pt x 3
13.17pt>
File: supplemental_files/figure-latex/unnamed-chunk-116-1.pdf Graphic file (typ
e pdf)
<use supplemental_files/figure-latex/unnamed-chunk-116-1.pdf>
Package pdftex.def Info: supplemental_files/figure-latex/unnamed-chunk-116-1.pd
f  used on input line 5017.
(pdftex.def)             Requested size: 457.72285pt x 313.17877pt.
[99pdfTeX warning (ext4): destination with the same identifier (name{figure.45}
) has been already used, duplicate ignored
<argument> ...shipout:D \box_use:N \l_shipout_box 
                                                  \__shipout_drop_firstpage_...
l.5025 \begin{Shaded}
                      <./supplemental_files/figure-latex/unnamed-chunk-114-1.pd
f>] [100pdfTeX warning (ext4): destination with the same identifier (name{figur
e.46}) has been already used, duplicate ignored
<argument> ...shipout:D \box_use:N \l_shipout_box 
                                                  \__shipout_drop_firstpage_...
l.5025 \begin{Shaded}
                      <./supplemental_files/figure-latex/unnamed-chunk-116-1.pd
f>]
<supplemental_files/figure-latex/unnamed-chunk-118-1.pdf, id=1167, 457.71pt x 3
13.17pt>
File: supplemental_files/figure-latex/unnamed-chunk-118-1.pdf Graphic file (typ
e pdf)
<use supplemental_files/figure-latex/unnamed-chunk-118-1.pdf>
Package pdftex.def Info: supplemental_files/figure-latex/unnamed-chunk-118-1.pd
f  used on input line 5042.
(pdftex.def)             Requested size: 457.72285pt x 313.17877pt.
[101pdfTeX warning (ext4): destination with the same identifier (name{figure.47
}) has been already used, duplicate ignored
<argument> ...shipout:D \box_use:N \l_shipout_box 
                                                  \__shipout_drop_firstpage_...
l.5047 \newpage
                <./supplemental_files/figure-latex/unnamed-chunk-118-1.pdf>]
<supplemental_files/figure-latex/unnamed-chunk-124-1.pdf, id=1181, 461.725pt x 
315.1775pt>
File: supplemental_files/figure-latex/unnamed-chunk-124-1.pdf Graphic file (typ
e pdf)
<use supplemental_files/figure-latex/unnamed-chunk-124-1.pdf>
Package pdftex.def Info: supplemental_files/figure-latex/unnamed-chunk-124-1.pd
f  used on input line 5097.
(pdftex.def)             Requested size: 461.72388pt x 315.17673pt.
<supplemental_files/figure-latex/unnamed-chunk-125-1.pdf, id=1182, 463.7325pt x
 314.17375pt>
File: supplemental_files/figure-latex/unnamed-chunk-125-1.pdf Graphic file (typ
e pdf)
<use supplemental_files/figure-latex/unnamed-chunk-125-1.pdf>
Package pdftex.def Info: supplemental_files/figure-latex/unnamed-chunk-125-1.pd
f  used on input line 5126.
(pdftex.def)             Requested size: 463.73842pt x 314.17776pt.
[102] [103pdfTeX warning (ext4): destination with the same identifier (name{fig
ure.48}) has been already used, duplicate ignored
<argument> ...shipout:D \box_use:N \l_shipout_box 
                                                  \__shipout_drop_firstpage_...
l.5139 \end{Shaded}
                    <./supplemental_files/figure-latex/unnamed-chunk-124-1.pdf>
] [104pdfTeX warning (ext4): destination with the same identifier (name{figure.
49}) has been already used, duplicate ignored
<argument> ...shipout:D \box_use:N \l_shipout_box 
                                                  \__shipout_drop_firstpage_...
l.5139 \end{Shaded}
                    <./supplemental_files/figure-latex/unnamed-chunk-125-1.pdf>
]
<supplemental_files/figure-latex/unnamed-chunk-127-1.pdf, id=1218, 468.75125pt 
x 315.1775pt>
File: supplemental_files/figure-latex/unnamed-chunk-127-1.pdf Graphic file (typ
e pdf)
<use supplemental_files/figure-latex/unnamed-chunk-127-1.pdf>
Package pdftex.def Info: supplemental_files/figure-latex/unnamed-chunk-127-1.pd
f  used on input line 5163.
(pdftex.def)             Requested size: 468.75009pt x 315.17673pt.
[105pdfTeX warning (ext4): destination with the same identifier (name{figure.50
}) has been already used, duplicate ignored
<argument> ...shipout:D \box_use:N \l_shipout_box 
                                                  \__shipout_drop_firstpage_...
l.5176 \begin{Shaded}
                      <./supplemental_files/figure-latex/unnamed-chunk-127-1.pd
f>]
<supplemental_files/figure-latex/unnamed-chunk-129-1.pdf, id=1233, 461.725pt x 
315.1775pt>
File: supplemental_files/figure-latex/unnamed-chunk-129-1.pdf Graphic file (typ
e pdf)
<use supplemental_files/figure-latex/unnamed-chunk-129-1.pdf>
Package pdftex.def Info: supplemental_files/figure-latex/unnamed-chunk-129-1.pd
f  used on input line 5204.
(pdftex.def)             Requested size: 461.72388pt x 315.17673pt.
[106pdfTeX warning (ext4): destination with the same identifier (name{figure.51
}) has been already used, duplicate ignored
<argument> ...shipout:D \box_use:N \l_shipout_box 
                                                  \__shipout_drop_firstpage_...
l.5208 \begin{Shaded}
                      <./supplemental_files/figure-latex/unnamed-chunk-129-1.pd
f>]
<supplemental_files/figure-latex/unnamed-chunk-130-1.pdf, id=1248, 463.7325pt x
 315.1775pt>
File: supplemental_files/figure-latex/unnamed-chunk-130-1.pdf Graphic file (typ
e pdf)
<use supplemental_files/figure-latex/unnamed-chunk-130-1.pdf>
Package pdftex.def Info: supplemental_files/figure-latex/unnamed-chunk-130-1.pd
f  used on input line 5231.
(pdftex.def)             Requested size: 463.73842pt x 315.18153pt.

Overfull \vbox (0.19162pt too high) detected at line 5244
 []

[107pdfTeX warning (ext4): destination with the same identifier (name{figure.52
}) has been already used, duplicate ignored
<argument> ...shipout:D \box_use:N \l_shipout_box 
                                                  \__shipout_drop_firstpage_...
l.5244 \end{Shaded}
                    <./supplemental_files/figure-latex/unnamed-chunk-130-1.pdf>
]
<supplemental_files/figure-latex/unnamed-chunk-132-1.pdf, id=1263, 468.75125pt 
x 315.1775pt>
File: supplemental_files/figure-latex/unnamed-chunk-132-1.pdf Graphic file (typ
e pdf)
<use supplemental_files/figure-latex/unnamed-chunk-132-1.pdf>
Package pdftex.def Info: supplemental_files/figure-latex/unnamed-chunk-132-1.pd
f  used on input line 5270.
(pdftex.def)             Requested size: 468.75009pt x 315.17673pt.
[108pdfTeX warning (ext4): destination with the same identifier (name{figure.53
}) has been already used, duplicate ignored
<argument> ...shipout:D \box_use:N \l_shipout_box 
                                                  \__shipout_drop_firstpage_...
l.5274 \newpage
                <./supplemental_files/figure-latex/unnamed-chunk-132-1.pdf>] [1
09]
<supplemental_files/figure-latex/unnamed-chunk-141-1.pdf, id=1283, 460.72125pt 
x 305.14pt>
File: supplemental_files/figure-latex/unnamed-chunk-141-1.pdf Graphic file (typ
e pdf)
<use supplemental_files/figure-latex/unnamed-chunk-141-1.pdf>
Package pdftex.def Info: supplemental_files/figure-latex/unnamed-chunk-141-1.pd
f  used on input line 5381.
(pdftex.def)             Requested size: 460.72012pt x 305.13924pt.
[110] [111 <./supplemental_files/figure-latex/unnamed-chunk-141-1.pdf>] [112]
<supplemental_files/figure-latex/unnamed-chunk-149-1.pdf, id=1304, 461.725pt x 
305.14pt>
File: supplemental_files/figure-latex/unnamed-chunk-149-1.pdf Graphic file (typ
e pdf)
<use supplemental_files/figure-latex/unnamed-chunk-149-1.pdf>
Package pdftex.def Info: supplemental_files/figure-latex/unnamed-chunk-149-1.pd
f  used on input line 5509.
(pdftex.def)             Requested size: 461.72388pt x 305.13924pt.
[113 <./supplemental_files/figure-latex/unnamed-chunk-149-1.pdf>] [114] (./supp
lemental.aux)
Package rerunfilecheck Info: File `supplemental.out' has not changed.
(rerunfilecheck)             Checksum: 2A83B4DD7E5A1429ED0A345E4C3B2BBE;5840.
 ) 
Here is how much of TeX's memory you used:
 13008 strings out of 480502
 206859 string characters out of 5898669
 539580 words of memory out of 5000000
 30012 multiletter control sequences out of 15000+600000
 454345 words of font info for 71 fonts, out of 8000000 for 9000
 14 hyphenation exceptions out of 8191
 60i,9n,66p,589b,477s stack positions out of 5000i,500n,10000p,200000b,80000s
{/Users/sweston2/Library/TinyTeX/texmf-dist/fonts/enc/dvips/lm/lm-ts1.enc}{/U
sers/sweston2/Library/TinyTeX/texmf-dist/fonts/enc/dvips/lm/lm-mathit.enc}{/Use
rs/sweston2/Library/TinyTeX/texmf-dist/fonts/enc/dvips/lm/lm-rm.enc}{/Users/swe
ston2/Library/TinyTeX/texmf-dist/fonts/enc/dvips/lm/lm-ec.enc}</Users/sweston2/
Library/TinyTeX/texmf-dist/fonts/type1/public/lm/lmbx10.pfb></Users/sweston2/Li
brary/TinyTeX/texmf-dist/fonts/type1/public/lm/lmbx12.pfb></Users/sweston2/Libr
ary/TinyTeX/texmf-dist/fonts/type1/public/lm/lmmi10.pfb></Users/sweston2/Librar
y/TinyTeX/texmf-dist/fonts/type1/public/lm/lmr10.pfb></Users/sweston2/Library/T
inyTeX/texmf-dist/fonts/type1/public/lm/lmr12.pfb></Users/sweston2/Library/Tiny
TeX/texmf-dist/fonts/type1/public/lm/lmr17.pfb></Users/sweston2/Library/TinyTeX
/texmf-dist/fonts/type1/public/lm/lmri10.pfb></Users/sweston2/Library/TinyTeX/t
exmf-dist/fonts/type1/public/lm/lmtk10.pfb></Users/sweston2/Library/TinyTeX/tex
mf-dist/fonts/type1/public/lm/lmtt10.pfb></Users/sweston2/Library/TinyTeX/texmf
-dist/fonts/type1/public/lm/lmtti10.pfb>
Output written on supplemental.pdf (114 pages, 678612 bytes).
PDF statistics:
 1456 PDF objects out of 1728 (max. 8388607)
 1141 compressed objects within 12 object streams
 373 named destinations out of 1000 (max. 500000)
 508 words of extra memory for PDF output out of 10000 (max. 10000000)

